  Source.cpp
c:\users\user\documents\visual studio 2017\projects\practice problems\firstreverse\source.cpp(14): error C2672: 'get': no matching overloaded function found
c:\users\user\documents\visual studio 2017\projects\practice problems\firstreverse\source.cpp(14): error C2784: 'const _Ty2 &&std::get(const std::pair<_Ty1,_Ty2> &&) noexcept': could not deduce template argument for 'const std::pair<_Ty1,_Ty2> &&' from 'FILE *'
  c:\program files (x86)\microsoft visual studio\2017\community\vc\tools\msvc\14.10.25017\include\utility(621): note: see declaration of 'std::get'
c:\users\user\documents\visual studio 2017\projects\practice problems\firstreverse\source.cpp(14): error C2784: 'const _Ty1 &&std::get(const std::pair<_Ty1,_Ty2> &&) noexcept': could not deduce template argument for 'const std::pair<_Ty1,_Ty2> &&' from 'FILE *'
  c:\program files (x86)\microsoft visual studio\2017\community\vc\tools\msvc\14.10.25017\include\utility(614): note: see declaration of 'std::get'
c:\users\user\documents\visual studio 2017\projects\practice problems\firstreverse\source.cpp(14): error C2784: 'const tuple_element<_Idx,std::pair<_Ty1,_Ty2>>::type &&std::get(const std::pair<_Ty1,_Ty2> &&) noexcept': could not deduce template argument for 'const std::pair<_Ty1,_Ty2> &&' from 'FILE *'
  c:\program files (x86)\microsoft visual studio\2017\community\vc\tools\msvc\14.10.25017\include\utility(606): note: see declaration of 'std::get'
c:\users\user\documents\visual studio 2017\projects\practice problems\firstreverse\source.cpp(14): error C2784: '_Ty2 &&std::get(std::pair<_Ty1,_Ty2> &&) noexcept': could not deduce template argument for 'std::pair<_Ty1,_Ty2> &&' from 'FILE *'
  c:\program files (x86)\microsoft visual studio\2017\community\vc\tools\msvc\14.10.25017\include\utility(597): note: see declaration of 'std::get'
c:\users\user\documents\visual studio 2017\projects\practice problems\firstreverse\source.cpp(14): error C2784: '_Ty1 &&std::get(std::pair<_Ty1,_Ty2> &&) noexcept': could not deduce template argument for 'std::pair<_Ty1,_Ty2> &&' from 'FILE *'
  c:\program files (x86)\microsoft visual studio\2017\community\vc\tools\msvc\14.10.25017\include\utility(590): note: see declaration of 'std::get'
c:\users\user\documents\visual studio 2017\projects\practice problems\firstreverse\source.cpp(14): error C2784: 'tuple_element<_Idx,std::pair<_Ty1,_Ty2>>::type &&std::get(std::pair<_Ty1,_Ty2> &&) noexcept': could not deduce template argument for 'std::pair<_Ty1,_Ty2> &&' from 'FILE *'
  c:\program files (x86)\microsoft visual studio\2017\community\vc\tools\msvc\14.10.25017\include\utility(582): note: see declaration of 'std::get'
c:\users\user\documents\visual studio 2017\projects\practice problems\firstreverse\source.cpp(14): error C2784: 'const _Ty2 &std::get(const std::pair<_Ty1,_Ty2> &) noexcept': could not deduce template argument for 'const std::pair<_Ty1,_Ty2> &' from 'FILE *'
  c:\program files (x86)\microsoft visual studio\2017\community\vc\tools\msvc\14.10.25017\include\utility(573): note: see declaration of 'std::get'
c:\users\user\documents\visual studio 2017\projects\practice problems\firstreverse\source.cpp(14): error C2784: 'const _Ty1 &std::get(const std::pair<_Ty1,_Ty2> &) noexcept': could not deduce template argument for 'const std::pair<_Ty1,_Ty2> &' from 'FILE *'
  c:\program files (x86)\microsoft visual studio\2017\community\vc\tools\msvc\14.10.25017\include\utility(566): note: see declaration of 'std::get'
c:\users\user\documents\visual studio 2017\projects\practice problems\firstreverse\source.cpp(14): error C2784: 'const tuple_element<_Idx,std::pair<_Ty1,_Ty2>>::type &std::get(const std::pair<_Ty1,_Ty2> &) noexcept': could not deduce template argument for 'const std::pair<_Ty1,_Ty2> &' from 'FILE *'
  c:\program files (x86)\microsoft visual studio\2017\community\vc\tools\msvc\14.10.25017\include\utility(557): note: see declaration of 'std::get'
c:\users\user\documents\visual studio 2017\projects\practice problems\firstreverse\source.cpp(14): error C2784: '_Ty2 &std::get(std::pair<_Ty1,_Ty2> &) noexcept': could not deduce template argument for 'std::pair<_Ty1,_Ty2> &' from 'FILE *'
  c:\program files (x86)\microsoft visual studio\2017\community\vc\tools\msvc\14.10.25017\include\utility(548): note: see declaration of 'std::get'
c:\users\user\documents\visual studio 2017\projects\practice problems\firstreverse\source.cpp(14): error C2784: '_Ty1 &std::get(std::pair<_Ty1,_Ty2> &) noexcept': could not deduce template argument for 'std::pair<_Ty1,_Ty2> &' from 'FILE *'
  c:\program files (x86)\microsoft visual studio\2017\community\vc\tools\msvc\14.10.25017\include\utility(541): note: see declaration of 'std::get'
c:\users\user\documents\visual studio 2017\projects\practice problems\firstreverse\source.cpp(14): error C2784: 'tuple_element<_Idx,std::pair<_Ty1,_Ty2>>::type &std::get(std::pair<_Ty1,_Ty2> &) noexcept': could not deduce template argument for 'std::pair<_Ty1,_Ty2> &' from 'FILE *'
  c:\program files (x86)\microsoft visual studio\2017\community\vc\tools\msvc\14.10.25017\include\utility(533): note: see declaration of 'std::get'
